app/build/intermediates/manifest_merge_blame_file/debug/manifest-merger-blame-debug-report.txt
1<?xml version="1.0" encoding="utf-8"?>
2<manifest xmlns:android="http://schemas.android.com/apk/res/android"
3    package="br.org.curitiba.ici.avaliacao"
4    android:versionCode="1"
5    android:versionName="1.0" >
6
7    <uses-sdk
8        android:minSdkVersion="21"
8-->src\main\AndroidManifest.xml
9        android:targetSdkVersion="29" />
9-->src\main\AndroidManifest.xml
10
11    <application
11-->src\main\AndroidManifest.xml:5:5-35:19
12        android:allowBackup="true"
12-->src\main\AndroidManifest.xml:6:9-35
13        android:appComponentFactory="androidx.core.app.CoreComponentFactory"
13-->[androidx.core:core:1.3.1] AndroidManifest.xml:24:18-86
14        android:debuggable="true"
15        android:icon="@mipmap/ic_launcher"
15-->src\main\AndroidManifest.xml:7:9-43
16        android:label="@string/app_name"
16-->src\main\AndroidManifest.xml:8:9-41
17        android:roundIcon="@mipmap/ic_launcher_round"
17-->src\main\AndroidManifest.xml:9:9-54
18        android:supportsRtl="true"
18-->src\main\AndroidManifest.xml:10:9-35
19        android:testOnly="true"
20        android:theme="@style/AppTheme" >
20-->src\main\AndroidManifest.xml:11:9-40
21        <activity
21-->src\main\AndroidManifest.xml:13:9-22:20
22            android:name="br.org.curitiba.ici.avaliacao.splash.SplashScreen"
22-->src\main\AndroidManifest.xml:14:13-48
23            android:noHistory="true"
23-->src\main\AndroidManifest.xml:15:13-37
24            android:screenOrientation="portrait"
24-->src\main\AndroidManifest.xml:16:13-49
25            android:theme="@style/FullScreen" >
25-->src\main\AndroidManifest.xml:17:13-46
26            <intent-filter>
26-->src\main\AndroidManifest.xml:18:13-21:29
27                <action android:name="android.intent.action.MAIN" />
27-->src\main\AndroidManifest.xml:19:17-69
27-->src\main\AndroidManifest.xml:19:25-66
28
29                <category android:name="android.intent.category.LAUNCHER" />
29-->src\main\AndroidManifest.xml:20:17-77
29-->src\main\AndroidManifest.xml:20:27-74
30            </intent-filter>
31        </activity>
32        <activity
32-->src\main\AndroidManifest.xml:24:9-26:52
33            android:name="br.org.curitiba.ici.avaliacao.login.LoginActivity"
33-->src\main\AndroidManifest.xml:25:13-48
34            android:screenOrientation="portrait" />
34-->src\main\AndroidManifest.xml:26:13-49
35        <activity
35-->src\main\AndroidManifest.xml:28:9-30:52
36            android:name="br.org.curitiba.ici.avaliacao.game.GameActivity"
36-->src\main\AndroidManifest.xml:29:13-46
37            android:screenOrientation="portrait" />
37-->src\main\AndroidManifest.xml:30:13-49
38        <activity
38-->src\main\AndroidManifest.xml:32:9-34:51
39            android:name="br.org.curitiba.ici.avaliacao.statistics.StatisticsActivity"
39-->src\main\AndroidManifest.xml:32:19-64
40            android:parentActivityName="br.org.curitiba.ici.avaliacao.game.GameActivity"
40-->src\main\AndroidManifest.xml:33:13-60
41            android:screenOrientation="portrait" />
41-->src\main\AndroidManifest.xml:34:13-49
42
43        <provider
43-->[androidx.lifecycle:lifecycle-process:2.0.0] AndroidManifest.xml:23:9-27:43
44            android:name="androidx.lifecycle.ProcessLifecycleOwnerInitializer"
44-->[androidx.lifecycle:lifecycle-process:2.0.0] AndroidManifest.xml:24:13-79
45            android:authorities="br.org.curitiba.ici.avaliacao.lifecycle-process"
45-->[androidx.lifecycle:lifecycle-process:2.0.0] AndroidManifest.xml:25:13-69
46            android:exported="false"
46-->[androidx.lifecycle:lifecycle-process:2.0.0] AndroidManifest.xml:26:13-37
47            android:multiprocess="true" />
47-->[androidx.lifecycle:lifecycle-process:2.0.0] AndroidManifest.xml:27:13-40
48    </application>
49
50</manifest>